D:\C++\实验报告三\DEBUG\实验报告三.EXE
D:\C++\实验报告三\DEBUG\实验报告三.ILK
D:\C++\实验报告三\DEBUG\实验报告三.PDB
D:\C++\实验报告三\实验报告三\DEBUG\12.13.OBJ
D:\c++\实验报告三\实验报告三\Debug\cl.command.1.tlog
D:\c++\实验报告三\实验报告三\Debug\CL.read.1.tlog
D:\c++\实验报告三\实验报告三\Debug\CL.write.1.tlog
D:\c++\实验报告三\实验报告三\Debug\link.11296.read.1.tlog
D:\c++\实验报告三\实验报告三\Debug\link.11296.write.1.tlog
D:\c++\实验报告三\实验报告三\Debug\link.11296-cvtres.read.1.tlog
D:\c++\实验报告三\实验报告三\Debug\link.11296-cvtres.write.1.tlog
D:\c++\实验报告三\实验报告三\Debug\link.command.1.tlog
D:\c++\实验报告三\实验报告三\Debug\link.read.1.tlog
D:\c++\实验报告三\实验报告三\Debug\link.write.1.tlog
D:\c++\实验报告三\实验报告三\Debug\link-cvtres.read.1.tlog
D:\c++\实验报告三\实验报告三\Debug\link-cvtres.write.1.tlog
D:\c++\实验报告三\实验报告三\Debug\mt.command.1.tlog
D:\c++\实验报告三\实验报告三\Debug\mt.read.1.tlog
D:\c++\实验报告三\实验报告三\Debug\mt.write.1.tlog
D:\c++\实验报告三\实验报告三\Debug\rc.command.1.tlog
D:\c++\实验报告三\实验报告三\Debug\rc.read.1.tlog
D:\c++\实验报告三\实验报告三\Debug\rc.write.1.tlog
D:\c++\实验报告三\实验报告三\Debug\vc100.idb
D:\C++\实验报告三\实验报告三\DEBUG\VC100.PDB
D:\C++\实验报告三\实验报告三\DEBUG\实验报告三.EXE.EMBED.MANIFEST
D:\C++\实验报告三\实验报告三\DEBUG\实验报告三.EXE.EMBED.MANIFEST.RES
D:\C++\实验报告三\实验报告三\DEBUG\实验报告三.EXE.INTERMEDIATE.MANIFEST
D:\c++\实验报告三\实验报告三\Debug\实验报告三.vcxprojResolveAssemblyReference.cache
D:\c++\实验报告三\实验报告三\Debug\实验报告三.write.1.tlog
D:\c++\实验报告三\实验报告三\Debug\实验报告三_manifest.rc
