生成启动时间为 2018/12/15 20:02:22。
     1>项目“D:\c++\实验报告三\实验报告三\实验报告三.vcxproj”在节点 2 上(rebuild 个目标)。
     1>_PrepareForClean:
         正在删除文件“Debug\实验报告三.lastbuildstate”。
       InitializeBuildStatus:
         正在创建“Debug\实验报告三.unsuccessfulbuild”，因为已指定“AlwaysCreate”。
       ClCompile:
         D:\Program Files\VC\bin\CL.exe /c /ZI /nologo /W3 /WX- /Od /Oy- /D WIN32 /D _DEBUG /D _CONSOLE /D _UNICODE /D UNICODE /Gm /EHsc /RTC1 /MDd /GS /fp:precise /Zc:wchar_t /Zc:forScope /Fo"Debug\\" /Fd"Debug\vc100.pdb" /Gd /TC /analyze- /errorReport:prompt 12.13.c
         12.13.c
     1>d:\c++\实验报告三\实验报告三\12.13.c(35): warning C4996: 'scanf': This function or variable may be unsafe. Consider using scanf_s instead. To disable deprecation, use _CRT_SECURE_NO_WARNINGS. See online help for details.
                 d:\program files\vc\include\stdio.h(304) : 参见“scanf”的声明
       ManifestResourceCompile:
         C:\Program Files (x86)\Microsoft SDKs\Windows\v7.0A\bin\rc.exe /nologo /fo"Debug\实验报告三.exe.embed.manifest.res" "Debug\实验报告三_manifest.rc" 
       Link:
         D:\Program Files\VC\bin\link.exe /ERRORREPORT:PROMPT /OUT:"D:\c++\实验报告三\Debug\实验报告三.exe" /INCREMENTAL /NOLOGO kernel32.lib user32.lib gdi32.lib winspool.lib comdlg32.lib advapi32.lib shell32.lib ole32.lib oleaut32.lib uuid.lib odbc32.lib odbccp32.lib /MANIFEST /ManifestFile:"Debug\实验报告三.exe.intermediate.manifest" /MANIFESTUAC:"level='asInvoker' uiAccess='false'" /DEBUG /PDB:"D:\c++\实验报告三\Debug\实验报告三.pdb" /SUBSYSTEM:CONSOLE /TLBID:1 /DYNAMICBASE /NXCOMPAT /IMPLIB:"D:\c++\实验报告三\Debug\实验报告三.lib" /MACHINE:X86 "Debug\实验报告三.exe.embed.manifest.res"
         Debug\12.13.obj
       Manifest:
         正在删除文件“Debug\实验报告三.exe.embed.manifest”。
         C:\Program Files (x86)\Microsoft SDKs\Windows\v7.0A\bin\mt.exe /nologo /verbose /out:"Debug\实验报告三.exe.embed.manifest" /manifest "Debug\实验报告三.exe.intermediate.manifest"
         C:\Program Files (x86)\Microsoft SDKs\Windows\v7.0A\bin\rc.exe /nologo /fo"Debug\实验报告三.exe.embed.manifest.res" "Debug\实验报告三_manifest.rc" 
       LinkEmbedManifest:
         D:\Program Files\VC\bin\link.exe /ERRORREPORT:PROMPT /OUT:"D:\c++\实验报告三\Debug\实验报告三.exe" /INCREMENTAL /NOLOGO kernel32.lib user32.lib gdi32.lib winspool.lib comdlg32.lib advapi32.lib shell32.lib ole32.lib oleaut32.lib uuid.lib odbc32.lib odbccp32.lib /MANIFEST /ManifestFile:"Debug\实验报告三.exe.intermediate.manifest" /MANIFESTUAC:"level='asInvoker' uiAccess='false'" /DEBUG /PDB:"D:\c++\实验报告三\Debug\实验报告三.pdb" /SUBSYSTEM:CONSOLE /TLBID:1 /DYNAMICBASE /NXCOMPAT /IMPLIB:"D:\c++\实验报告三\Debug\实验报告三.lib" /MACHINE:X86 "Debug\实验报告三.exe.embed.manifest.res"
         Debug\12.13.obj
         实验报告三.vcxproj -> D:\c++\实验报告三\Debug\实验报告三.exe
       FinalizeBuildStatus:
         正在删除文件“Debug\实验报告三.unsuccessfulbuild”。
         正在对“Debug\实验报告三.lastbuildstate”执行 Touch 任务。
     1>已完成生成项目“D:\c++\实验报告三\实验报告三\实验报告三.vcxproj”(rebuild 个目标)的操作。

生成成功。

已用时间 00:00:01.20
