D:\C++\10.28.02\10.28.02\DEBUG\10.28.02.EXE.EMBED.MANIFEST
D:\C++\10.28.02\10.28.02\DEBUG\10.28.02.EXE.EMBED.MANIFEST.RES
D:\C++\10.28.02\10.28.02\DEBUG\10.28.02.EXE.INTERMEDIATE.MANIFEST
D:\C++\10.28.02\10.28.02\DEBUG\10.28.02.OBJ
D:\c++\10.28.02\10.28.02\Debug\10.28.02.vcxprojResolveAssemblyReference.cache
D:\c++\10.28.02\10.28.02\Debug\10.28.02.write.1.tlog
D:\c++\10.28.02\10.28.02\Debug\10.28.02_manifest.rc
D:\c++\10.28.02\10.28.02\Debug\cl.command.1.tlog
D:\c++\10.28.02\10.28.02\Debug\CL.read.1.tlog
D:\c++\10.28.02\10.28.02\Debug\CL.write.1.tlog
D:\c++\10.28.02\10.28.02\Debug\link.23680.read.1.tlog
D:\c++\10.28.02\10.28.02\Debug\link.23680.write.1.tlog
D:\c++\10.28.02\10.28.02\Debug\link.23680-cvtres.read.1.tlog
D:\c++\10.28.02\10.28.02\Debug\link.23680-cvtres.write.1.tlog
D:\c++\10.28.02\10.28.02\Debug\link.26276.read.1.tlog
D:\c++\10.28.02\10.28.02\Debug\link.26276.write.1.tlog
D:\c++\10.28.02\10.28.02\Debug\link.26276-cvtres.read.1.tlog
D:\c++\10.28.02\10.28.02\Debug\link.26276-cvtres.write.1.tlog
D:\c++\10.28.02\10.28.02\Debug\link.30544.read.1.tlog
D:\c++\10.28.02\10.28.02\Debug\link.30544.write.1.tlog
D:\c++\10.28.02\10.28.02\Debug\link.30544-cvtres.read.1.tlog
D:\c++\10.28.02\10.28.02\Debug\link.30544-cvtres.write.1.tlog
D:\c++\10.28.02\10.28.02\Debug\link.4800.read.1.tlog
D:\c++\10.28.02\10.28.02\Debug\link.4800.write.1.tlog
D:\c++\10.28.02\10.28.02\Debug\link.4800-cvtres.read.1.tlog
D:\c++\10.28.02\10.28.02\Debug\link.4800-cvtres.write.1.tlog
D:\c++\10.28.02\10.28.02\Debug\link.6504.read.1.tlog
D:\c++\10.28.02\10.28.02\Debug\link.6504.write.1.tlog
D:\c++\10.28.02\10.28.02\Debug\link.6504-cvtres.read.1.tlog
D:\c++\10.28.02\10.28.02\Debug\link.6504-cvtres.write.1.tlog
D:\c++\10.28.02\10.28.02\Debug\link.command.1.tlog
D:\c++\10.28.02\10.28.02\Debug\link.read.1.tlog
D:\c++\10.28.02\10.28.02\Debug\link.write.1.tlog
D:\c++\10.28.02\10.28.02\Debug\link-cvtres.read.1.tlog
D:\c++\10.28.02\10.28.02\Debug\link-cvtres.write.1.tlog
D:\c++\10.28.02\10.28.02\Debug\mt.command.1.tlog
D:\c++\10.28.02\10.28.02\Debug\mt.read.1.tlog
D:\c++\10.28.02\10.28.02\Debug\mt.write.1.tlog
D:\c++\10.28.02\10.28.02\Debug\rc.command.1.tlog
D:\c++\10.28.02\10.28.02\Debug\rc.read.1.tlog
D:\c++\10.28.02\10.28.02\Debug\rc.write.1.tlog
D:\c++\10.28.02\10.28.02\Debug\vc100.idb
D:\C++\10.28.02\10.28.02\DEBUG\VC100.PDB
D:\C++\10.28.02\DEBUG\10.28.02.EXE
D:\C++\10.28.02\DEBUG\10.28.02.ILK
D:\C++\10.28.02\DEBUG\10.28.02.PDB
