D:\C++\11.4\11.4\DEBUG\11.4.EXE.EMBED.MANIFEST
D:\C++\11.4\11.4\DEBUG\11.4.EXE.EMBED.MANIFEST.RES
D:\C++\11.4\11.4\DEBUG\11.4.EXE.INTERMEDIATE.MANIFEST
D:\c++\11.4\11.4\Debug\11.4.write.1.tlog
D:\c++\11.4\11.4\Debug\11.4_manifest.rc
D:\c++\11.4\11.4\Debug\cl.command.1.tlog
D:\c++\11.4\11.4\Debug\CL.read.1.tlog
D:\c++\11.4\11.4\Debug\CL.write.1.tlog
D:\c++\11.4\11.4\Debug\link.22104.read.1.tlog
D:\c++\11.4\11.4\Debug\link.22104.write.1.tlog
D:\c++\11.4\11.4\Debug\link.22104-cvtres.read.1.tlog
D:\c++\11.4\11.4\Debug\link.22104-cvtres.write.1.tlog
D:\c++\11.4\11.4\Debug\link.command.1.tlog
D:\c++\11.4\11.4\Debug\link.read.1.tlog
D:\c++\11.4\11.4\Debug\link.write.1.tlog
D:\c++\11.4\11.4\Debug\link-cvtres.read.1.tlog
D:\c++\11.4\11.4\Debug\link-cvtres.write.1.tlog
D:\c++\11.4\11.4\Debug\mt.command.1.tlog
D:\c++\11.4\11.4\Debug\mt.read.1.tlog
D:\c++\11.4\11.4\Debug\mt.write.1.tlog
D:\C++\11.4\11.4\DEBUG\P01.OBJ
D:\c++\11.4\11.4\Debug\rc.command.1.tlog
D:\c++\11.4\11.4\Debug\rc.read.1.tlog
D:\c++\11.4\11.4\Debug\rc.write.1.tlog
D:\c++\11.4\11.4\Debug\vc100.idb
D:\C++\11.4\11.4\DEBUG\VC100.PDB
D:\C++\11.4\DEBUG\11.4.EXE
D:\C++\11.4\DEBUG\11.4.ILK
D:\C++\11.4\DEBUG\11.4.PDB
