生成启动时间为 2018/10/28 23:56:00。
     1>项目“D:\c++\10.28c\10.28c\10.28c.vcxproj”在节点 2 上(build 个目标)。
     1>InitializeBuildStatus:
         正在对“Debug\10.28c.unsuccessfulbuild”执行 Touch 任务。
       ClCompile:
         所有输出均为最新。
       ManifestResourceCompile:
         C:\Program Files (x86)\Microsoft SDKs\Windows\v7.0A\bin\rc.exe /nologo /fo"Debug\10.28c.exe.embed.manifest.res" Debug\10.28c_manifest.rc 
       Link:
         D:\Program Files\VC\bin\link.exe /ERRORREPORT:PROMPT /OUT:"D:\c++\10.28c\Debug\10.28c.exe" /INCREMENTAL /NOLOGO kernel32.lib user32.lib gdi32.lib winspool.lib comdlg32.lib advapi32.lib shell32.lib ole32.lib oleaut32.lib uuid.lib odbc32.lib odbccp32.lib /MANIFEST /ManifestFile:"Debug\10.28c.exe.intermediate.manifest" /MANIFESTUAC:"level='asInvoker' uiAccess='false'" /DEBUG /PDB:"D:\c++\10.28c\Debug\10.28c.pdb" /SUBSYSTEM:CONSOLE /TLBID:1 /DYNAMICBASE /NXCOMPAT /IMPLIB:"D:\c++\10.28c\Debug\10.28c.lib" /MACHINE:X86 Debug\10.28c.exe.embed.manifest.res
         Debug\10.28.obj
       Manifest:
         C:\Program Files (x86)\Microsoft SDKs\Windows\v7.0A\bin\mt.exe /nologo /verbose /out:"Debug\10.28c.exe.embed.manifest" /manifest Debug\10.28c.exe.intermediate.manifest
         C:\Program Files (x86)\Microsoft SDKs\Windows\v7.0A\bin\rc.exe /nologo /fo"Debug\10.28c.exe.embed.manifest.res" Debug\10.28c_manifest.rc 
       LinkEmbedManifest:
         D:\Program Files\VC\bin\link.exe /ERRORREPORT:PROMPT /OUT:"D:\c++\10.28c\Debug\10.28c.exe" /INCREMENTAL /NOLOGO kernel32.lib user32.lib gdi32.lib winspool.lib comdlg32.lib advapi32.lib shell32.lib ole32.lib oleaut32.lib uuid.lib odbc32.lib odbccp32.lib /MANIFEST /ManifestFile:"Debug\10.28c.exe.intermediate.manifest" /MANIFESTUAC:"level='asInvoker' uiAccess='false'" /DEBUG /PDB:"D:\c++\10.28c\Debug\10.28c.pdb" /SUBSYSTEM:CONSOLE /TLBID:1 /DYNAMICBASE /NXCOMPAT /IMPLIB:"D:\c++\10.28c\Debug\10.28c.lib" /MACHINE:X86 Debug\10.28c.exe.embed.manifest.res
         Debug\10.28.obj
         10.28c.vcxproj -> D:\c++\10.28c\Debug\10.28c.exe
       FinalizeBuildStatus:
         正在删除文件“Debug\10.28c.unsuccessfulbuild”。
         正在对“Debug\10.28c.lastbuildstate”执行 Touch 任务。
     1>已完成生成项目“D:\c++\10.28c\10.28c\10.28c.vcxproj”(build 个目标)的操作。

生成成功。

已用时间 00:00:00.66
