生成启动时间为 2018-11-05 15:21:13。
     1>项目“D:\11.5\11.5\11.5.vcxproj”在节点 2 上(build 个目标)。
     1>InitializeBuildStatus:
         正在创建“Debug\11.5.unsuccessfulbuild”，因为已指定“AlwaysCreate”。
       ClCompile:
         所有输出均为最新。
       ManifestResourceCompile:
         所有输出均为最新。
       Link:
         C:\Program Files (x86)\Microsoft Visual Studio 10.0\VC\bin\link.exe /ERRORREPORT:PROMPT /OUT:"D:\11.5\Debug\11.5.exe" /INCREMENTAL /NOLOGO kernel32.lib user32.lib gdi32.lib winspool.lib comdlg32.lib advapi32.lib shell32.lib ole32.lib oleaut32.lib uuid.lib odbc32.lib odbccp32.lib /MANIFEST /ManifestFile:"Debug\11.5.exe.intermediate.manifest" /MANIFESTUAC:"level='asInvoker' uiAccess='false'" /DEBUG /PDB:"D:\11.5\Debug\11.5.pdb" /SUBSYSTEM:CONSOLE /TLBID:1 /DYNAMICBASE /NXCOMPAT /IMPLIB:"D:\11.5\Debug\11.5.lib" /MACHINE:X86 Debug\11.5.exe.embed.manifest.res
         Debug\11.5.obj
       Manifest:
         C:\Program Files (x86)\Microsoft SDKs\Windows\v7.0A\bin\mt.exe /nologo /verbose /out:"Debug\11.5.exe.embed.manifest" /manifest Debug\11.5.exe.intermediate.manifest
         所有输出均为最新。
       LinkEmbedManifest:
         所有输出均为最新。
         11.5.vcxproj -> D:\11.5\Debug\11.5.exe
       FinalizeBuildStatus:
         正在删除文件“Debug\11.5.unsuccessfulbuild”。
         正在对“Debug\11.5.lastbuildstate”执行 Touch 任务。
     1>已完成生成项目“D:\11.5\11.5\11.5.vcxproj”(build 个目标)的操作。

生成成功。

已用时间 00:00:00.27
