生成启动时间为 2018-12-09 11:49:28。
     1>项目“C:\Users\Administrator\Documents\Visual Studio 2010\Projects\181543306林旋华\181543306林旋华\181543306林旋华.vcxproj”在节点 2 上(build 个目标)。
     1>InitializeBuildStatus:
         正在创建“Debug\181543306林旋华.unsuccessfulbuild”，因为已指定“AlwaysCreate”。
       ClCompile:
         所有输出均为最新。
       ManifestResourceCompile:
         所有输出均为最新。
       Link:
         C:\Program Files (x86)\Microsoft Visual Studio 10.0\VC\bin\link.exe /ERRORREPORT:PROMPT /OUT:"C:\Users\Administrator\Documents\Visual Studio 2010\Projects\181543306林旋华\Debug\181543306林旋华.exe" /INCREMENTAL /NOLOGO kernel32.lib user32.lib gdi32.lib winspool.lib comdlg32.lib advapi32.lib shell32.lib ole32.lib oleaut32.lib uuid.lib odbc32.lib odbccp32.lib /MANIFEST /ManifestFile:"Debug\181543306林旋华.exe.intermediate.manifest" /MANIFESTUAC:"level='asInvoker' uiAccess='false'" /DEBUG /PDB:"C:\Users\Administrator\Documents\Visual Studio 2010\Projects\181543306林旋华\Debug\181543306林旋华.pdb" /SUBSYSTEM:CONSOLE /TLBID:1 /DYNAMICBASE /NXCOMPAT /IMPLIB:"C:\Users\Administrator\Documents\Visual Studio 2010\Projects\181543306林旋华\Debug\181543306林旋华.lib" /MACHINE:X86 "Debug\181543306林旋华.exe.embed.manifest.res"
         "Debug\1-10.obj"
         "Debug\草稿纸.obj"
       Manifest:
         C:\Program Files (x86)\Microsoft SDKs\Windows\v7.0A\bin\mt.exe /nologo /verbose /out:"Debug\181543306林旋华.exe.embed.manifest" /manifest "Debug\181543306林旋华.exe.intermediate.manifest"
         所有输出均为最新。
       LinkEmbedManifest:
         所有输出均为最新。
         181543306林旋华.vcxproj -> C:\Users\Administrator\Documents\Visual Studio 2010\Projects\181543306林旋华\Debug\181543306林旋华.exe
       FinalizeBuildStatus:
         正在删除文件“Debug\181543306林旋华.unsuccessfulbuild”。
         正在对“Debug\181543306林旋华.lastbuildstate”执行 Touch 任务。
     1>已完成生成项目“C:\Users\Administrator\Documents\Visual Studio 2010\Projects\181543306林旋华\181543306林旋华\181543306林旋华.vcxproj”(build 个目标)的操作。

生成成功。

已用时间 00:00:00.23
