生成启动时间为 2018-12-10 16:02:07。
     1>项目“G:\学习\C'\2018\12.10\啊哈！算法\啊哈！算法\啊哈！算法.vcxproj”在节点 2 上(build 个目标)。
     1>InitializeBuildStatus:
         正在创建“Debug\啊哈！算法.unsuccessfulbuild”，因为已指定“AlwaysCreate”。
       ClCompile:
         所有输出均为最新。
       ManifestResourceCompile:
         C:\Program Files (x86)\Microsoft SDKs\Windows\v7.0A\bin\rc.exe /nologo /fo"Debug\啊哈！算法.exe.embed.manifest.res" "Debug\啊哈！算法_manifest.rc" 
       Link:
         C:\Program Files (x86)\Microsoft Visual Studio 10.0\VC\bin\link.exe /ERRORREPORT:PROMPT /OUT:"G:\学习\C'\2018\12.10\啊哈！算法\Debug\啊哈！算法.exe" /INCREMENTAL /NOLOGO kernel32.lib user32.lib gdi32.lib winspool.lib comdlg32.lib advapi32.lib shell32.lib ole32.lib oleaut32.lib uuid.lib odbc32.lib odbccp32.lib /MANIFEST /ManifestFile:"Debug\啊哈！算法.exe.intermediate.manifest" /MANIFESTUAC:"level='asInvoker' uiAccess='false'" /DEBUG /PDB:"G:\学习\C'\2018\12.10\啊哈！算法\Debug\啊哈！算法.pdb" /SUBSYSTEM:CONSOLE /TLBID:1 /DYNAMICBASE /NXCOMPAT /IMPLIB:"G:\学习\C'\2018\12.10\啊哈！算法\Debug\啊哈！算法.lib" /MACHINE:X86 "Debug\啊哈！算法.exe.embed.manifest.res"
         Debug\p01.obj
       Manifest:
         C:\Program Files (x86)\Microsoft SDKs\Windows\v7.0A\bin\mt.exe /nologo /verbose /out:"Debug\啊哈！算法.exe.embed.manifest" /manifest "Debug\啊哈！算法.exe.intermediate.manifest"
         C:\Program Files (x86)\Microsoft SDKs\Windows\v7.0A\bin\rc.exe /nologo /fo"Debug\啊哈！算法.exe.embed.manifest.res" "Debug\啊哈！算法_manifest.rc" 
       LinkEmbedManifest:
         C:\Program Files (x86)\Microsoft Visual Studio 10.0\VC\bin\link.exe /ERRORREPORT:PROMPT /OUT:"G:\学习\C'\2018\12.10\啊哈！算法\Debug\啊哈！算法.exe" /INCREMENTAL /NOLOGO kernel32.lib user32.lib gdi32.lib winspool.lib comdlg32.lib advapi32.lib shell32.lib ole32.lib oleaut32.lib uuid.lib odbc32.lib odbccp32.lib /MANIFEST /ManifestFile:"Debug\啊哈！算法.exe.intermediate.manifest" /MANIFESTUAC:"level='asInvoker' uiAccess='false'" /DEBUG /PDB:"G:\学习\C'\2018\12.10\啊哈！算法\Debug\啊哈！算法.pdb" /SUBSYSTEM:CONSOLE /TLBID:1 /DYNAMICBASE /NXCOMPAT /IMPLIB:"G:\学习\C'\2018\12.10\啊哈！算法\Debug\啊哈！算法.lib" /MACHINE:X86 "Debug\啊哈！算法.exe.embed.manifest.res"
         Debug\p01.obj
         啊哈！算法.vcxproj -> G:\学习\C'\2018\12.10\啊哈！算法\Debug\啊哈！算法.exe
       FinalizeBuildStatus:
         正在删除文件“Debug\啊哈！算法.unsuccessfulbuild”。
         正在对“Debug\啊哈！算法.lastbuildstate”执行 Touch 任务。
     1>已完成生成项目“G:\学习\C'\2018\12.10\啊哈！算法\啊哈！算法\啊哈！算法.vcxproj”(build 个目标)的操作。

生成成功。

已用时间 00:00:10.34
