H:\C语言\C练习\11.18.C\11.18.C\DEBUG\01.OBJ
H:\C语言\C练习\11.18.C\11.18.C\DEBUG\11.18.C.EXE.EMBED.MANIFEST
H:\C语言\C练习\11.18.C\11.18.C\DEBUG\11.18.C.EXE.EMBED.MANIFEST.RES
H:\C语言\C练习\11.18.C\11.18.C\DEBUG\11.18.C.EXE.INTERMEDIATE.MANIFEST
H:\C语言\c练习\11.18.c\11.18.c\Debug\11.18.c.vcxprojResolveAssemblyReference.cache
H:\C语言\c练习\11.18.c\11.18.c\Debug\11.18.c.write.1.tlog
H:\C语言\c练习\11.18.c\11.18.c\Debug\11.18.c_manifest.rc
H:\C语言\c练习\11.18.c\11.18.c\Debug\cl.command.1.tlog
H:\C语言\c练习\11.18.c\11.18.c\Debug\CL.read.1.tlog
H:\C语言\c练习\11.18.c\11.18.c\Debug\CL.write.1.tlog
H:\C语言\c练习\11.18.c\11.18.c\Debug\link.9384.read.1.tlog
H:\C语言\c练习\11.18.c\11.18.c\Debug\link.9384.write.1.tlog
H:\C语言\c练习\11.18.c\11.18.c\Debug\link.9384-cvtres.read.1.tlog
H:\C语言\c练习\11.18.c\11.18.c\Debug\link.9384-cvtres.write.1.tlog
H:\C语言\c练习\11.18.c\11.18.c\Debug\link.command.1.tlog
H:\C语言\c练习\11.18.c\11.18.c\Debug\link.read.1.tlog
H:\C语言\c练习\11.18.c\11.18.c\Debug\link.write.1.tlog
H:\C语言\c练习\11.18.c\11.18.c\Debug\link-cvtres.read.1.tlog
H:\C语言\c练习\11.18.c\11.18.c\Debug\link-cvtres.write.1.tlog
H:\C语言\c练习\11.18.c\11.18.c\Debug\mt.command.1.tlog
H:\C语言\c练习\11.18.c\11.18.c\Debug\mt.read.1.tlog
H:\C语言\c练习\11.18.c\11.18.c\Debug\mt.write.1.tlog
H:\C语言\c练习\11.18.c\11.18.c\Debug\rc.command.1.tlog
H:\C语言\c练习\11.18.c\11.18.c\Debug\rc.read.1.tlog
H:\C语言\c练习\11.18.c\11.18.c\Debug\rc.write.1.tlog
H:\C语言\c练习\11.18.c\11.18.c\Debug\vc100.idb
H:\C语言\C练习\11.18.C\11.18.C\DEBUG\VC100.PDB
H:\C语言\C练习\11.18.C\DEBUG\11.18.C.EXE
H:\C语言\C练习\11.18.C\DEBUG\11.18.C.ILK
H:\C语言\C练习\11.18.C\DEBUG\11.18.C.PDB
