生成启动时间为 2018/11/18 20:31:02。
     1>项目“D:\c++\11.18.c\11.18.c\11.18.c.vcxproj”在节点 2 上(build 个目标)。
     1>InitializeBuildStatus:
         正在创建“Debug\11.18.c.unsuccessfulbuild”，因为已指定“AlwaysCreate”。
       ClCompile:
         所有输出均为最新。
       ManifestResourceCompile:
         所有输出均为最新。
       Link:
         D:\Program Files\VC\bin\link.exe /ERRORREPORT:PROMPT /OUT:"D:\c++\11.18.c\Debug\11.18.c.exe" /INCREMENTAL /NOLOGO kernel32.lib user32.lib gdi32.lib winspool.lib comdlg32.lib advapi32.lib shell32.lib ole32.lib oleaut32.lib uuid.lib odbc32.lib odbccp32.lib /MANIFEST /ManifestFile:"Debug\11.18.c.exe.intermediate.manifest" /MANIFESTUAC:"level='asInvoker' uiAccess='false'" /DEBUG /PDB:"D:\c++\11.18.c\Debug\11.18.c.pdb" /SUBSYSTEM:CONSOLE /TLBID:1 /DYNAMICBASE /NXCOMPAT /IMPLIB:"D:\c++\11.18.c\Debug\11.18.c.lib" /MACHINE:X86 Debug\11.18.c.exe.embed.manifest.res
         Debug\01.obj
       Manifest:
         C:\Program Files (x86)\Microsoft SDKs\Windows\v7.0A\bin\mt.exe /nologo /verbose /out:"Debug\11.18.c.exe.embed.manifest" /manifest Debug\11.18.c.exe.intermediate.manifest
         所有输出均为最新。
       LinkEmbedManifest:
         所有输出均为最新。
         11.18.c.vcxproj -> D:\c++\11.18.c\Debug\11.18.c.exe
       FinalizeBuildStatus:
         正在删除文件“Debug\11.18.c.unsuccessfulbuild”。
         正在对“Debug\11.18.c.lastbuildstate”执行 Touch 任务。
     1>已完成生成项目“D:\c++\11.18.c\11.18.c\11.18.c.vcxproj”(build 个目标)的操作。

生成成功。

已用时间 00:00:00.53
