生成启动时间为 2018/12/8 21:51:37。
     1>项目“F:\c\上机\上机12.10\12.10\12.10\12.10.vcxproj”在节点 2 上(build 个目标)。
     1>InitializeBuildStatus:
         正在创建“Debug\12.10.unsuccessfulbuild”，因为已指定“AlwaysCreate”。
       ClCompile:
         D:\Program Files (x86)\Microsoft Visual Studio 10.0\VC\bin\CL.exe /c /ZI /nologo /W3 /WX- /Od /Oy- /D WIN32 /D _DEBUG /D _CONSOLE /D _UNICODE /D UNICODE /Gm /EHsc /RTC1 /MDd /GS /fp:precise /Zc:wchar_t /Zc:forScope /Fo"Debug\\" /Fd"Debug\vc100.pdb" /Gd /TC /analyze- /errorReport:prompt 14.c
         14.c
     1>f:\c\上机\上机12.10\12.10\12.10\14.c(100): warning C4996: 'scanf': This function or variable may be unsafe. Consider using scanf_s instead. To disable deprecation, use _CRT_SECURE_NO_WARNINGS. See online help for details.
                 d:\program files (x86)\microsoft visual studio 10.0\vc\include\stdio.h(304) : 参见“scanf”的声明
     1>f:\c\上机\上机12.10\12.10\12.10\14.c(110): warning C4996: 'scanf': This function or variable may be unsafe. Consider using scanf_s instead. To disable deprecation, use _CRT_SECURE_NO_WARNINGS. See online help for details.
                 d:\program files (x86)\microsoft visual studio 10.0\vc\include\stdio.h(304) : 参见“scanf”的声明
       ManifestResourceCompile:
         所有输出均为最新。
       Link:
         D:\Program Files (x86)\Microsoft Visual Studio 10.0\VC\bin\link.exe /ERRORREPORT:PROMPT /OUT:"F:\c\上机\上机12.10\12.10\Debug\12.10.exe" /INCREMENTAL /NOLOGO kernel32.lib user32.lib gdi32.lib winspool.lib comdlg32.lib advapi32.lib shell32.lib ole32.lib oleaut32.lib uuid.lib odbc32.lib odbccp32.lib /MANIFEST /ManifestFile:"Debug\12.10.exe.intermediate.manifest" /MANIFESTUAC:"level='asInvoker' uiAccess='false'" /DEBUG /PDB:"F:\c\上机\上机12.10\12.10\Debug\12.10.pdb" /SUBSYSTEM:CONSOLE /TLBID:1 /DYNAMICBASE /NXCOMPAT /IMPLIB:"F:\c\上机\上机12.10\12.10\Debug\12.10.lib" /MACHINE:X86 Debug\12.10.exe.embed.manifest.res
         Debug\14.obj
       Manifest:
         c:\Program Files (x86)\Microsoft SDKs\Windows\v7.0A\bin\mt.exe /nologo /verbose /out:"Debug\12.10.exe.embed.manifest" /manifest Debug\12.10.exe.intermediate.manifest
         所有输出均为最新。
       LinkEmbedManifest:
         所有输出均为最新。
         12.10.vcxproj -> F:\c\上机\上机12.10\12.10\Debug\12.10.exe
       FinalizeBuildStatus:
         正在删除文件“Debug\12.10.unsuccessfulbuild”。
         正在对“Debug\12.10.lastbuildstate”执行 Touch 任务。
     1>已完成生成项目“F:\c\上机\上机12.10\12.10\12.10\12.10.vcxproj”(build 个目标)的操作。

生成成功。

已用时间 00:00:03.38
