生成启动时间为 2018/12/15 23:34:55。
     1>项目“D:\c++\蓝桥杯\蓝桥杯\蓝桥杯.vcxproj”在节点 2 上(build 个目标)。
     1>InitializeBuildStatus:
         正在创建“Debug\蓝桥杯.unsuccessfulbuild”，因为已指定“AlwaysCreate”。
       ClCompile:
         所有输出均为最新。
       ManifestResourceCompile:
         所有输出均为最新。
       Link:
         D:\Program Files\VC\bin\link.exe /ERRORREPORT:PROMPT /OUT:"D:\c++\蓝桥杯\Debug\蓝桥杯.exe" /INCREMENTAL /NOLOGO kernel32.lib user32.lib gdi32.lib winspool.lib comdlg32.lib advapi32.lib shell32.lib ole32.lib oleaut32.lib uuid.lib odbc32.lib odbccp32.lib /MANIFEST /ManifestFile:"Debug\蓝桥杯.exe.intermediate.manifest" /MANIFESTUAC:"level='asInvoker' uiAccess='false'" /DEBUG /PDB:"D:\c++\蓝桥杯\Debug\蓝桥杯.pdb" /SUBSYSTEM:CONSOLE /TLBID:1 /DYNAMICBASE /NXCOMPAT /IMPLIB:"D:\c++\蓝桥杯\Debug\蓝桥杯.lib" /MACHINE:X86 "Debug\蓝桥杯.exe.embed.manifest.res"
         "Debug\蓝桥杯.obj"
       Manifest:
         C:\Program Files (x86)\Microsoft SDKs\Windows\v7.0A\bin\mt.exe /nologo /verbose /out:"Debug\蓝桥杯.exe.embed.manifest" /manifest "Debug\蓝桥杯.exe.intermediate.manifest"
         所有输出均为最新。
       LinkEmbedManifest:
         所有输出均为最新。
         蓝桥杯.vcxproj -> D:\c++\蓝桥杯\Debug\蓝桥杯.exe
       FinalizeBuildStatus:
         正在删除文件“Debug\蓝桥杯.unsuccessfulbuild”。
         正在对“Debug\蓝桥杯.lastbuildstate”执行 Touch 任务。
     1>已完成生成项目“D:\c++\蓝桥杯\蓝桥杯\蓝桥杯.vcxproj”(build 个目标)的操作。

生成成功。

已用时间 00:00:00.82
